# JRE version: OpenJDK Runtime Environment (17.0.10) (build 17.0.10+0--11572160)
# Java VM: OpenJDK 64-Bit Server VM (17.0.10+0--11572160, mixed mode, tiered, compressed oops, compressed class ptrs, g1 gc, windows-amd64)
GC Precious Log:
 CPUs: 4 total, 4 available
 Memory: 7888M
 Large Page Support: Disabled
 NUMA Support: Disabled
 Compressed Oops: Enabled (Zero based)
 Heap Region Size: 2M
 Heap Min Capacity: 8M
 Heap Initial Capacity: 124M
 Heap Max Capacity: 4G
 Pre-touch: Disabled
 Parallel Workers: 4
 Concurrent Workers: 1
 Concurrent Refinement Workers: 4
 Periodic GC: Disabled
Heap:
 garbage-first heap   total 612352K, used 251034K [0x0000000700000000, 0x0000000800000000)
  region size 2048K, 8 young (16384K), 8 survivors (16384K)
 Metaspace       used 114371K, committed 116288K, reserved 1179648K
  class space    used 15595K, committed 16384K, reserved 1048576K
GC Heap History (20 events):
Event: 54.240 GC heap after
{Heap after GC invocations=59 (full 0):
 garbage-first heap   total 294912K, used 164714K [0x0000000700000000, 0x0000000800000000)
  region size 2048K, 1 young (2048K), 1 survivors (2048K)
 Metaspace       used 103466K, committed 104896K, reserved 1179648K
  class space    used 14304K, committed 14848K, reserved 1048576K
}
Event: 55.637 GC heap before
{Heap before GC invocations=59 (full 0):
 garbage-first heap   total 294912K, used 226154K [0x0000000700000000, 0x0000000800000000)
  region size 2048K, 32 young (65536K), 1 survivors (2048K)
 Metaspace       used 104068K, committed 105472K, reserved 1179648K
  class space    used 14360K, committed 14912K, reserved 1048576K
}
Event: 55.685 GC heap after
{Heap after GC invocations=60 (full 0):
 garbage-first heap   total 294912K, used 185056K [0x0000000700000000, 0x0000000800000000)
  region size 2048K, 4 young (8192K), 4 survivors (8192K)
 Metaspace       used 104068K, committed 105472K, reserved 1179648K
  class space    used 14360K, committed 14912K, reserved 1048576K
}
Event: 56.816 GC heap before
{Heap before GC invocations=61 (full 0):
 garbage-first heap   total 342016K, used 228064K [0x0000000700000000, 0x0000000800000000)
  region size 2048K, 25 young (51200K), 4 survivors (8192K)
 Metaspace       used 105095K, committed 106752K, reserved 1179648K
  class space    used 14528K, committed 15168K, reserved 1048576K
}
Event: 56.846 GC heap after
{Heap after GC invocations=62 (full 0):
 garbage-first heap   total 342016K, used 193978K [0x0000000700000000, 0x0000000800000000)
  region size 2048K, 4 young (8192K), 4 survivors (8192K)
 Metaspace       used 105095K, committed 106752K, reserved 1179648K
  class space    used 14528K, committed 15168K, reserved 1048576K
}
Event: 57.012 GC heap before
{Heap before GC invocations=62 (full 0):
 garbage-first heap   total 342016K, used 202170K [0x0000000700000000, 0x0000000800000000)
  region size 2048K, 8 young (16384K), 4 survivors (8192K)
 Metaspace       used 105334K, committed 107008K, reserved 1179648K
  class space    used 14563K, committed 15232K, reserved 1048576K
}
Event: 57.096 GC heap after
{Heap after GC invocations=63 (full 0):
 garbage-first heap   total 612352K, used 194560K [0x0000000700000000, 0x0000000800000000)
  region size 2048K, 1 young (2048K), 1 survivors (2048K)
 Metaspace       used 105334K, committed 107008K, reserved 1179648K
  class space    used 14563K, committed 15232K, reserved 1048576K
}
Event: 112.035 GC heap before
{Heap before GC invocations=63 (full 0):
 garbage-first heap   total 612352K, used 430079K [0x0000000700000000, 0x0000000800000000)
  region size 2048K, 117 young (239616K), 1 survivors (2048K)
 Metaspace       used 108017K, committed 109760K, reserved 1179648K
  class space    used 14835K, committed 15552K, reserved 1048576K
}
Event: 112.069 GC heap after
{Heap after GC invocations=64 (full 0):
 garbage-first heap   total 612352K, used 206742K [0x0000000700000000, 0x0000000800000000)
  region size 2048K, 7 young (14336K), 7 survivors (14336K)
 Metaspace       used 108017K, committed 109760K, reserved 1179648K
  class space    used 14835K, committed 15552K, reserved 1048576K
}
Event: 120.028 GC heap before
{Heap before GC invocations=64 (full 0):
 garbage-first heap   total 612352K, used 454550K [0x0000000700000000, 0x0000000800000000)
  region size 2048K, 129 young (264192K), 7 survivors (14336K)
 Metaspace       used 111356K, committed 113088K, reserved 1179648K
  class space    used 15192K, committed 15872K, reserved 1048576K
}
Event: 120.086 GC heap after
{Heap after GC invocations=65 (full 0):
 garbage-first heap   total 612352K, used 229376K [0x0000000700000000, 0x0000000800000000)
  region size 2048K, 17 young (34816K), 17 survivors (34816K)
 Metaspace       used 111356K, committed 113088K, reserved 1179648K
  class space    used 15192K, committed 15872K, reserved 1048576K
}
Event: 121.027 GC heap before
{Heap before GC invocations=65 (full 0):
 garbage-first heap   total 612352K, used 335872K [0x0000000700000000, 0x0000000800000000)
  region size 2048K, 41 young (83968K), 17 survivors (34816K)
 Metaspace       used 111682K, committed 113408K, reserved 1179648K
  class space    used 15244K, committed 15936K, reserved 1048576K
}
Event: 121.090 GC heap after
{Heap after GC invocations=66 (full 0):
 garbage-first heap   total 612352K, used 293516K [0x0000000700000000, 0x0000000800000000)
  region size 2048K, 3 young (6144K), 3 survivors (6144K)
 Metaspace       used 111682K, committed 113408K, reserved 1179648K
  class space    used 15244K, committed 15936K, reserved 1048576K
}
Event: 127.319 GC heap before
{Heap before GC invocations=66 (full 0):
 garbage-first heap   total 612352K, used 553612K [0x0000000700000000, 0x0000000800000000)
  region size 2048K, 102 young (208896K), 3 survivors (6144K)
 Metaspace       used 114249K, committed 116096K, reserved 1179648K
  class space    used 15582K, committed 16320K, reserved 1048576K
}
Event: 127.346 GC heap after
{Heap after GC invocations=67 (full 0):
 garbage-first heap   total 612352K, used 244840K [0x0000000700000000, 0x0000000800000000)
  region size 2048K, 8 young (16384K), 8 survivors (16384K)
 Metaspace       used 114249K, committed 116096K, reserved 1179648K
  class space    used 15582K, committed 16320K, reserved 1048576K
}
Event: 127.483 GC heap before
{Heap before GC invocations=67 (full 0):
 garbage-first heap   total 612352K, used 293992K [0x0000000700000000, 0x0000000800000000)
  region size 2048K, 10 young (20480K), 8 survivors (16384K)
 Metaspace       used 114371K, committed 116288K, reserved 1179648K
  class space    used 15595K, committed 16384K, reserved 1048576K
}
Event: 127.504 GC heap after
{Heap after GC invocations=68 (full 0):
 garbage-first heap   total 612352K, used 251104K [0x0000000700000000, 0x0000000800000000)
  region size 2048K, 8 young (16384K), 8 survivors (16384K)
 Metaspace       used 114371K, committed 116288K, reserved 1179648K
  class space    used 15595K, committed 16384K, reserved 1048576K
}
Event: 127.568 GC heap before
{Heap before GC invocations=68 (full 0):
 garbage-first heap   total 612352K, used 283872K [0x0000000700000000, 0x0000000800000000)
  region size 2048K, 9 young (18432K), 8 survivors (16384K)
 Metaspace       used 114371K, committed 116288K, reserved 1179648K
  class space    used 15595K, committed 16384K, reserved 1048576K
}
Event: 127.588 GC heap after
{Heap after GC invocations=69 (full 0):
 garbage-first heap   total 612352K, used 250580K [0x0000000700000000, 0x0000000800000000)
  region size 2048K, 8 young (16384K), 8 survivors (16384K)
 Metaspace       used 114371K, committed 116288K, reserved 1179648K
  class space    used 15595K, committed 16384K, reserved 1048576K
}
Event: 127.635 GC heap before
{Heap before GC invocations=69 (full 0):
 garbage-first heap   total 612352K, used 277204K [0x0000000700000000, 0x0000000800000000)
  region size 2048K, 9 young (18432K), 8 survivors (16384K)
 Metaspace       used 114371K, committed 116288K, reserved 1179648K
  class space    used 15595K, committed 16384K, reserved 1048576K
}

